<?xml version="1.0" encoding="UTF-8"?>
<!-- Generated by org.testng.reporters.JUnitReportReporter -->
<testsuite hostname="DESKTOP-47BL69I" failures="0" tests="4" name="com.testNG.RunTestNG" time="29.656" errors="0" timestamp="2022-10-07T14:19:49 COT" skipped="0">
  <testcase classname="com.testNG.RunTestNG" name="widgetsTestNG" time="0.007"/>
  <system-out/>
  <testcase classname="com.testNG.RunTestNG" name="alertsTestNG" time="0.004"/>
  <system-out/>
  <testcase classname="com.testNG.RunTestNG" name="calculadoraTestNG" time="29.644"/>
  <system-out/>
  <testcase classname="com.testNG.RunTestNG" name="mercadoLibreTestNG" time="0.001"/>
  <system-out/>
</testsuite> <!-- com.testNG.RunTestNG -->
